<?xml version="1.0" encoding="UTF-8"?>
<!-- Generated by org.testng.reporters.JUnitReportReporter -->
<testsuite hostname="QT-INBG-LT0410" name="com.RestAssuredProj.CucumberRestTest" tests="1" failures="0" timestamp="2 Dec 2019 09:41:53 GMT" time="5.170" errors="0">
  <testcase name="testGet" time="5.170" classname="com.RestAssuredProj.CucumberRestTest"/>
</testsuite> <!-- com.RestAssuredProj.CucumberRestTest -->
