<?xml version="1.0" encoding="UTF-8"?>
<!-- Generated by org.testng.reporters.JUnitReportReporter -->
<testsuite hostname="QT-INBG-LT0410" name="com.students.tests.StudentsGetTest" tests="1" failures="0" timestamp="9 Dec 2019 11:29:41 GMT" time="1.227" errors="0">
  <testcase name="deleteStudent" time="1.227" classname="com.students.tests.StudentsGetTest"/>
</testsuite> <!-- com.students.tests.StudentsGetTest -->
