<?xml version="1.0" encoding="UTF-8"?>
<!-- Generated by org.testng.reporters.JUnitReportReporter -->
<testsuite hostname="QT-INBG-LT0410" name="com.students.tests.StudentGetTest" tests="1" failures="0" timestamp="9 Dec 2019 11:36:55 GMT" time="1.413" errors="0">
  <testcase name="getAllStudentsList" time="1.413" classname="com.students.tests.StudentGetTest"/>
</testsuite> <!-- com.students.tests.StudentGetTest -->
