<?xml version="1.0" encoding="UTF-8"?>
<!-- Generated by org.testng.reporters.JUnitReportReporter -->
<testsuite hostname="QT-INBG-LT0410" name="com.jsonpath.examples.SearchXMLPathExample" tests="1" failures="0" timestamp="10 Dec 2019 12:07:17 GMT" time="2.155" errors="0">
  <testcase name="test07" time="2.155" classname="com.jsonpath.examples.SearchXMLPathExample"/>
</testsuite> <!-- com.jsonpath.examples.SearchXMLPathExample -->
