<?xml version="1.0" encoding="UTF-8"?>
<!-- Generated by org.testng.reporters.JUnitReportReporter -->
<testsuite hostname="QT-INBG-LT0410" name="com.student.logginexamples.LoggingRequestValues" tests="3" failures="0" timestamp="9 Dec 2019 12:27:38 GMT" time="2.287" errors="0">
  <testcase name="test02" time="0.142" classname="com.student.logginexamples.LoggingRequestValues"/>
  <testcase name="test01" time="1.701" classname="com.student.logginexamples.LoggingRequestValues"/>
  <testcase name="test04" time="0.444" classname="com.student.logginexamples.LoggingRequestValues"/>
</testsuite> <!-- com.student.logginexamples.LoggingRequestValues -->
