<?xml version="1.0" encoding="UTF-8"?>
<!-- Generated by org.testng.reporters.JUnitReportReporter -->
<testsuite hostname="QT-INBG-LT0410" name="com.jsonpath.examples.SearchJsonPathExample" tests="1" failures="0" timestamp="10 Dec 2019 09:38:50 GMT" time="2.278" errors="0">
  <testcase name="test09" time="2.278" classname="com.jsonpath.examples.SearchJsonPathExample"/>
</testsuite> <!-- com.jsonpath.examples.SearchJsonPathExample -->
