<?xml version="1.0" encoding="UTF-8"?>
<!-- Generated by org.testng.reporters.JUnitReportReporter -->
<testsuite hostname="QT-INBG-LT0410" name="com.student.logginexamples.LoggingResponsetValues" tests="4" failures="0" timestamp="10 Dec 2019 04:55:31 GMT" time="1.973" errors="0">
  <testcase name="test02" time="0.049" classname="com.student.logginexamples.LoggingResponsetValues"/>
  <testcase name="test03" time="0.214" classname="com.student.logginexamples.LoggingResponsetValues"/>
  <testcase name="test01" time="1.665" classname="com.student.logginexamples.LoggingResponsetValues"/>
  <testcase name="test04" time="0.045" classname="com.student.logginexamples.LoggingResponsetValues"/>
</testsuite> <!-- com.student.logginexamples.LoggingResponsetValues -->
