<?xml version="1.0" encoding="UTF-8"?>
<!-- Generated by org.testng.reporters.JUnitReportReporter -->
<testsuite hostname="QT-INBG-LT0410" name="com.students.tests.StudentDeleteTest" tests="1" failures="0" timestamp="9 Dec 2019 12:25:44 GMT" time="1.019" errors="0">
  <testcase name="deleteStudent" time="1.019" classname="com.students.tests.StudentDeleteTest"/>
</testsuite> <!-- com.students.tests.StudentDeleteTest -->
